<?xml version="1.0" encoding="UTF-8"?>
<!-- Generated by org.testng.reporters.JUnitReportReporter -->
<testsuite hostname="user-desktop" failures="0" tests="1" name="tests.GvtTest" time="18.150" errors="0" timestamp="2023-04-07T11:05:03 IST" skipped="0">
  <testcase classname="tests.GvtTest" name="login" time="18.150"/>
  <system-out/>
</testsuite> <!-- tests.GvtTest -->
